2013-12-12 19:13:42	admin	http://localhost/comTrac/processwire/setup/field/	Compile Error: 	require(): Failed opening required 'C:/xampp/htdocs/comTrac/site/templates-admin/controller.php' (include_path='.;C:\xampp\php\PEAR') (line 13 of C:\xampp\htdocs\comTrac\site\templates\admin.php)
2013-12-12 19:13:47	admin	http://localhost/comTrac/processwire/setup/field/	Compile Error: 	require(): Failed opening required 'C:/xampp/htdocs/comTrac/site/templates-admin/controller.php' (include_path='.;C:\xampp\php\PEAR') (line 13 of C:\xampp\htdocs\comTrac\site\templates\admin.php)
2013-12-15 22:31:01	?	http://localhost/?/	Recoverable Fatal Error: 	Argument 1 passed to Template::setFieldgroup() must be an instance of Fieldgroup, null given, called in C:\xampp\htdocs\comTrac\wire\core\Template.php on line 256 and defined (line 353 of C:\xampp\htdocs\comTrac\wire\core\Template.php)
2013-12-15 23:01:57	admin	http://localhost/comTrac/	Parse Error: 	syntax error, unexpected '
2013-12-15 23:01:59	admin	http://localhost/comTrac/how-it-works/features/	Parse Error: 	syntax error, unexpected '
2013-12-16 00:31:20	admin	http://localhost/comTrac/	Compile Error: 	Can't use method return value in write context (line 12 of C:\xampp\htdocs\comTrac\site\templates\home.php)
2013-12-17 02:09:47	admin	http://localhost/comTrac/	Error: 	Exception: Method Page::first does not exist or is not callable in this context (in C:\xampp\htdocs\comTrac\wire\core\Wire.php line 232)  #0 C:\xampp\htdocs\comTrac\site\templates\head.inc(56): Wire->__call('first', Array) #1 C:\xampp\htdocs\comTrac\site\templates\head.inc(56): Page->first() #2 C:\xampp\htdocs\comTrac\site\templates\home.php(11): include('C:\xampp\htdocs...') #3 C:\xampp\htdocs\comTrac\wire\core\TemplateFile.php(125): require('C:\xampp\htdocs...') #4 [internal function]: TemplateFile->___render() #5 C:\xampp\htdocs\comTrac\wire\core\Wire.php(271): call_user_func_array(Array, Array) #6 C:\xampp\htdocs\comTrac\wire\core\Wire.php(229): Wire->runHooks('render', Array) #7 C:\xampp\htdocs\comTrac\wire\modules\PageRender.module(250): Wire->__call('render', Array) #8 C:\xampp\htdocs\comTrac\wire\modules\PageRender.module(250): TemplateFile->render() #9 [internal function]: PageRender->___renderPage(Object(HookEvent)) #10 C:\xampp\htdocs\comTrac\wire\core\Wire.php(271): call_user_func_array(Array, Arr
2013-12-17 02:24:51	admin	http://localhost/comTrac/processwire/faq-list/	Parse Error: 	syntax error, unexpected end of file (line 123 of C:\xampp\htdocs\comTrac\site\templates\head_admin.inc)
2013-12-17 02:25:27	admin	http://localhost/comTrac/processwire/faq-list/	Parse Error: 	syntax error, unexpected end of file (line 124 of C:\xampp\htdocs\comTrac\site\templates\head_admin.inc)
2013-12-17 02:26:14	admin	http://localhost/comTrac/processwire/faq-list/	Parse Error: 	syntax error, unexpected end of file (line 123 of C:\xampp\htdocs\comTrac\site\templates\head_admin.inc)
2013-12-17 02:26:32	admin	http://localhost/comTrac/processwire/faq-list/	Parse Error: 	syntax error, unexpected end of file (line 125 of C:\xampp\htdocs\comTrac\site\templates\head_admin.inc)
2013-12-18 01:05:15	admin	http://localhost/comTrac/search/	Parse Error: 	syntax error, unexpected '
2013-12-18 21:52:27	admin	http://localhost/comTrac/company/contact/	Parse Error: 	syntax error, unexpected '!', expecting '(' (line 35 of C:\xampp\htdocs\comTrac\site\templates\contact.php)
2013-12-18 21:52:45	admin	http://localhost/comTrac/company/contact/	Parse Error: 	syntax error, unexpected '{' (line 35 of C:\xampp\htdocs\comTrac\site\templates\contact.php)
2013-12-18 21:52:49	admin	http://localhost/comTrac/company/contact/	Parse Error: 	syntax error, unexpected '{' (line 35 of C:\xampp\htdocs\comTrac\site\templates\contact.php)
2013-12-18 23:45:12	admin	http://localhost/comTrac/mailer/	Error: 	Call to a member function get() on a non-object (line 115 of C:\xampp\htdocs\comTrac\site\templates\process_email.php)
2013-12-18 23:46:04	admin	http://localhost/comTrac/mailer/	Error: 	Call to a member function get() on a non-object (line 115 of C:\xampp\htdocs\comTrac\site\templates\process_email.php)
2013-12-18 23:46:19	admin	http://localhost/comTrac/mailer/	Error: 	Call to a member function get() on a non-object (line 115 of C:\xampp\htdocs\comTrac\site\templates\process_email.php)
2013-12-18 23:47:14	admin	http://localhost/comTrac/mailer/	Error: 	Call to a member function get() on a non-object (line 117 of C:\xampp\htdocs\comTrac\site\templates\process_email.php)
2013-12-18 23:48:37	admin	http://localhost/comTrac/mailer/	Error: 	Call to a member function get() on a non-object (line 118 of C:\xampp\htdocs\comTrac\site\templates\process_email.php)
2013-12-18 23:49:35	admin	http://localhost/comTrac/mailer/	Error: 	Call to a member function get() on a non-object (line 116 of C:\xampp\htdocs\comTrac\site\templates\process_email.php)
2013-12-18 23:51:34	admin	http://localhost/comTrac/mailer/	Error: 	Call to a member function get() on a non-object (line 118 of C:\xampp\htdocs\comTrac\site\templates\process_email.php)
2013-12-18 23:51:49	admin	http://localhost/comTrac/mailer/	Error: 	Call to a member function get() on a non-object (line 118 of C:\xampp\htdocs\comTrac\site\templates\process_email.php)
2013-12-18 23:54:16	admin	http://localhost/comTrac/mailer/	Error: 	Call to a member function get() on a non-object (line 118 of C:\xampp\htdocs\comTrac\site\templates\process_email.php)
2013-12-18 23:58:29	admin	http://localhost/comTrac/mailer/	Error: 	Exception: Can't save page 0: /mike-fromhome-digital8/: It has no parent assigned (in C:\xampp\htdocs\comTrac\wire\core\Pages.php line 514)  #0 [internal function]: Pages->___save(Object(Page)) #1 C:\xampp\htdocs\comTrac\wire\core\Wire.php(271): call_user_func_array(Array, Array) #2 C:\xampp\htdocs\comTrac\wire\core\Wire.php(229): Wire->runHooks('save', Array) #3 C:\xampp\htdocs\comTrac\wire\core\Page.php(1005): Wire->__call('save', Array) #4 C:\xampp\htdocs\comTrac\wire\core\Page.php(1005): Pages->save(Object(Page)) #5 C:\xampp\htdocs\comTrac\site\templates\process_email.php(43): Page->save() #6 C:\xampp\htdocs\comTrac\wire\core\TemplateFile.php(125): require('C:\xampp\htdocs...') #7 [internal function]: TemplateFile->___render() #8 C:\xampp\htdocs\comTrac\wire\core\Wire.php(271): call_user_func_array(Array, Array) #9 C:\xampp\htdocs\comTrac\wire\core\Wire.php(229): Wire->runHooks('render', Array) #10 C:\xampp\htdocs\comTrac\wire\modules\PageRender.module(250): Wire->__call('render', Array) #11 C:\xampp\htdo
2013-12-19 00:26:03	admin	http://localhost/comTrac/processwire/news-list/	Parse Error: 	syntax error, unexpected '$config' (T_VARIABLE), expecting ',' or ';' (line 85 of C:\xampp\htdocs\comTrac\site\templates\blog_admin.inc)
2013-12-19 01:59:17	admin	http://localhost/comTrac/mailer/	Error: 	Call to a member function get() on a non-object (line 32 of C:\xampp\htdocs\comTrac\site\templates\process_action.php)
2013-12-19 01:59:24	admin	http://localhost/comTrac/mailer/	Error: 	Call to a member function get() on a non-object (line 32 of C:\xampp\htdocs\comTrac\site\templates\process_action.php)
2013-12-19 01:59:26	admin	http://localhost/comTrac/mailer/	Error: 	Call to a member function get() on a non-object (line 32 of C:\xampp\htdocs\comTrac\site\templates\process_action.php)
2013-12-19 01:59:48	admin	http://localhost/comTrac/mailer/	Error: 	Exception: This request was aborted because it appears to be forged. (in C:\xampp\htdocs\comTrac\wire\core\SessionCSRF.php line 80)  #0 C:\xampp\htdocs\comTrac\site\templates\process_action.php(42): SessionCSRF->validate() #1 C:\xampp\htdocs\comTrac\wire\core\TemplateFile.php(125): require('C:\xampp\htdocs...') #2 [internal function]: TemplateFile->___render() #3 C:\xampp\htdocs\comTrac\wire\core\Wire.php(271): call_user_func_array(Array, Array) #4 C:\xampp\htdocs\comTrac\wire\core\Wire.php(229): Wire->runHooks('render', Array) #5 C:\xampp\htdocs\comTrac\wire\modules\PageRender.module(250): Wire->__call('render', Array) #6 C:\xampp\htdocs\comTrac\wire\modules\PageRender.module(250): TemplateFile->render() #7 [internal function]: PageRender->___renderPage(Object(HookEvent)) #8 C:\xampp\htdocs\comTrac\wire\core\Wire.php(271): call_user_func_array(Array, Array) #9 C:\xampp\htdocs\comTrac\wire\core\Wire.php(229): Wire->runHooks('renderPage', Array) #10 C:\xampp\htdocs\comTrac\wire\core\Wire.php(293): Wire->__call
2013-12-19 01:59:57	admin	http://localhost/comTrac/mailer/	Error: 	Call to a member function get() on a non-object (line 32 of C:\xampp\htdocs\comTrac\site\templates\process_action.php)
2013-12-19 02:00:35	admin	http://localhost/comTrac/mailer/	Error: 	Call to a member function get() on a non-object (line 32 of C:\xampp\htdocs\comTrac\site\templates\process_action.php)
2013-12-19 02:00:40	admin	http://localhost/comTrac/mailer/	Error: 	Call to a member function get() on a non-object (line 32 of C:\xampp\htdocs\comTrac\site\templates\process_action.php)
2013-12-19 02:00:45	admin	http://localhost/comTrac/mailer/	Error: 	Call to a member function get() on a non-object (line 32 of C:\xampp\htdocs\comTrac\site\templates\process_action.php)
2013-12-19 02:00:52	admin	http://localhost/comTrac/mailer/	Error: 	Call to a member function get() on a non-object (line 32 of C:\xampp\htdocs\comTrac\site\templates\process_action.php)
2013-12-19 02:02:35	admin	http://localhost/comTrac/mailer/	Error: 	Call to a member function get() on a non-object (line 32 of C:\xampp\htdocs\comTrac\site\templates\process_action.php)
2013-12-20 03:51:36	admin	http://localhost/comTrac/solutions/criminal-investigations/	Compile Error: 	Can't use method return value in write context (line 32 of C:\xampp\htdocs\comTrac\site\templates\solutions.php)
2013-12-20 03:52:15	admin	http://localhost/comTrac/solutions/criminal-investigations/	Compile Error: 	Can't use method return value in write context (line 32 of C:\xampp\htdocs\comTrac\site\templates\solutions.php)
2013-12-20 03:52:17	admin	http://localhost/comTrac/solutions/criminal-investigations/	Compile Error: 	Can't use method return value in write context (line 32 of C:\xampp\htdocs\comTrac\site\templates\solutions.php)
2013-12-20 03:52:59	admin	http://localhost/comTrac/solutions/criminal-investigations/	Compile Error: 	Can't use method return value in write context (line 32 of C:\xampp\htdocs\comTrac\site\templates\solutions.php)
2013-12-20 03:52:59	admin	http://localhost/comTrac/solutions/criminal-investigations/	Compile Error: 	Can't use method return value in write context (line 32 of C:\xampp\htdocs\comTrac\site\templates\solutions.php)
2013-12-20 03:53:00	admin	http://localhost/comTrac/solutions/criminal-investigations/	Compile Error: 	Can't use method return value in write context (line 32 of C:\xampp\htdocs\comTrac\site\templates\solutions.php)
2013-12-20 03:53:00	admin	http://localhost/comTrac/solutions/criminal-investigations/	Compile Error: 	Can't use method return value in write context (line 32 of C:\xampp\htdocs\comTrac\site\templates\solutions.php)
2013-12-20 03:53:00	admin	http://localhost/comTrac/solutions/criminal-investigations/	Compile Error: 	Can't use method return value in write context (line 32 of C:\xampp\htdocs\comTrac\site\templates\solutions.php)
2013-12-20 03:53:00	admin	http://localhost/comTrac/solutions/criminal-investigations/	Compile Error: 	Can't use method return value in write context (line 32 of C:\xampp\htdocs\comTrac\site\templates\solutions.php)
2013-12-20 03:53:02	admin	http://localhost/comTrac/solutions/administrative-investigation-systems/	Compile Error: 	Can't use method return value in write context (line 32 of C:\xampp\htdocs\comTrac\site\templates\solutions.php)
2013-12-20 03:53:03	admin	http://localhost/comTrac/solutions/incident-investigation-systems/	Compile Error: 	Can't use method return value in write context (line 32 of C:\xampp\htdocs\comTrac\site\templates\solutions.php)
2013-12-20 03:53:03	admin	http://localhost/comTrac/solutions/administrative-investigation-systems/	Compile Error: 	Can't use method return value in write context (line 32 of C:\xampp\htdocs\comTrac\site\templates\solutions.php)
2013-12-20 03:53:04	admin	http://localhost/comTrac/solutions/criminal-investigations/	Compile Error: 	Can't use method return value in write context (line 32 of C:\xampp\htdocs\comTrac\site\templates\solutions.php)
2013-12-20 03:53:07	admin	http://localhost/comTrac/solutions/criminal-investigations/	Compile Error: 	Can't use method return value in write context (line 32 of C:\xampp\htdocs\comTrac\site\templates\solutions.php)
2013-12-20 03:54:15	admin	http://localhost/comTrac/solutions/criminal-investigations/	Compile Error: 	Can't use method return value in write context (line 32 of C:\xampp\htdocs\comTrac\site\templates\solutions.php)
2013-12-20 03:54:18	admin	http://localhost/comTrac/solutions/criminal-investigations/	Compile Error: 	Can't use method return value in write context (line 32 of C:\xampp\htdocs\comTrac\site\templates\solutions.php)
2013-12-20 03:54:18	admin	http://localhost/comTrac/solutions/criminal-investigations/	Compile Error: 	Can't use method return value in write context (line 32 of C:\xampp\htdocs\comTrac\site\templates\solutions.php)
2013-12-20 03:54:18	admin	http://localhost/comTrac/solutions/criminal-investigations/	Compile Error: 	Can't use method return value in write context (line 32 of C:\xampp\htdocs\comTrac\site\templates\solutions.php)
2013-12-20 03:54:18	admin	http://localhost/comTrac/solutions/criminal-investigations/	Compile Error: 	Can't use method return value in write context (line 32 of C:\xampp\htdocs\comTrac\site\templates\solutions.php)
2013-12-20 03:54:18	admin	http://localhost/comTrac/solutions/criminal-investigations/	Compile Error: 	Can't use method return value in write context (line 32 of C:\xampp\htdocs\comTrac\site\templates\solutions.php)
2013-12-20 03:56:10	admin	http://localhost/comTrac/solutions/criminal-investigations/	Parse Error: 	syntax error, unexpected '?' (line 42 of C:\xampp\htdocs\comTrac\site\templates\solutions.php)
2013-12-20 04:51:18	guest	http://comtrac.digital8.com.au/solutions/criminal-investigations/	Error: 	Exception: Table 'comtrac.field_solution_left3' doesn't exist (in /var/websites/comtrac.digital8.com.au/wire/core/Database.php line 118)
2013-12-20 04:51:20	guest	http://comtrac.digital8.com.au/solutions/criminal-investigations/	Error: 	Exception: Table 'comtrac.field_solution_left3' doesn't exist (in /var/websites/comtrac.digital8.com.au/wire/core/Database.php line 118)
2013-12-20 04:51:23	guest	http://comtrac.digital8.com.au/solutions/administrative-investigations/	Error: 	Exception: Table 'comtrac.field_solution_left3' doesn't exist (in /var/websites/comtrac.digital8.com.au/wire/core/Database.php line 118)
2013-12-20 04:51:25	guest	http://comtrac.digital8.com.au/solutions/criminal-investigations/	Error: 	Exception: Table 'comtrac.field_solution_left3' doesn't exist (in /var/websites/comtrac.digital8.com.au/wire/core/Database.php line 118)
2013-12-20 04:51:34	guest	http://comtrac.digital8.com.au/solutions/criminal-investigations/	Error: 	Exception: Table 'comtrac.field_solution_left3' doesn't exist (in /var/websites/comtrac.digital8.com.au/wire/core/Database.php line 118)
2013-12-20 04:53:46	guest	http://comtrac.digital8.com.au/solutions/criminal-investigations/	Error: 	Exception: Table 'comtrac.field_solution_left3' doesn't exist (in /var/websites/comtrac.digital8.com.au/wire/core/Database.php line 118)
2013-12-20 04:53:49	guest	http://comtrac.digital8.com.au/solutions/criminal-investigations/	Error: 	Exception: Table 'comtrac.field_solution_left3' doesn't exist (in /var/websites/comtrac.digital8.com.au/wire/core/Database.php line 118)
2013-12-20 04:53:50	guest	http://comtrac.digital8.com.au/solutions/regulatory-inspection/	Error: 	Exception: Table 'comtrac.field_solution_left3' doesn't exist (in /var/websites/comtrac.digital8.com.au/wire/core/Database.php line 118)
2013-12-20 04:53:52	guest	http://comtrac.digital8.com.au/solutions/investigation-management/	Error: 	Exception: Table 'comtrac.field_solution_left3' doesn't exist (in /var/websites/comtrac.digital8.com.au/wire/core/Database.php line 118)
2013-12-20 04:57:02	guest	http://comtrac.digital8.com.au/solutions/administrative-investigations/	Error: 	Exception: Table 'comtrac.field_solution_left3' doesn't exist (in /var/websites/comtrac.digital8.com.au/wire/core/Database.php line 118)
2013-12-20 04:57:03	guest	http://comtrac.digital8.com.au/solutions/investigation-management/	Error: 	Exception: Table 'comtrac.field_solution_left3' doesn't exist (in /var/websites/comtrac.digital8.com.au/wire/core/Database.php line 118)
2013-12-20 05:00:22	guest	http://comtrac.digital8.com.au/solutions/investigation-management/	Error: 	Exception: Table 'comtrac.field_solution_left3' doesn't exist (in /var/websites/comtrac.digital8.com.au/wire/core/Database.php line 118)
2013-12-23 02:01:07	admin	http://comtrac.digital8.com.au/processwire/news-list/	Parse Error: 	syntax error, unexpected T_FOREACH (line 20 of /var/websites/comtrac.digital8.com.au/site/templates/blog_admin.inc)
2013-12-23 22:03:00	admin	http://comtrac.digital8.com.au/blog-categories/home/nsw-resources-energy/	Error: 	Exception: Method Pageimage::first does not exist or is not callable in this context (in /var/websites/comtrac.digital8.com.au/wire/core/Wire.php line 232)  #0 /var/websites/comtrac.digital8.com.au/site/templates/news-model.php(23): Wire->__call('first', Array) #1 /var/websites/comtrac.digital8.com.au/site/templates/news-model.php(23): Pageimage->first() #2 /var/websites/comtrac.digital8.com.au/wire/core/TemplateFile.php(125): require('/var/websites/c...') #3 [internal function]: TemplateFile->___render() #4 /var/websites/comtrac.digital8.com.au/wire/core/Wire.php(271): call_user_func_array(Array, Array) #5 /var/websites/comtrac.digital8.com.au/wire/core/Wire.php(229): Wire->runHooks('render', Array) #6 /var/websites/comtrac.digital8.com.au/wire/modules/PageRender.module(250): Wire->__call('render', Array) #7 /var/websites/comtrac.digital8.com.au/wire/modules/PageRender.module(250): TemplateFile->render() #8 [internal function]: PageRender->___renderPage(Object(HookEvent)) #9 /var/websites/comtrac.digital8.co
